<?xml version="1.0" encoding="UTF-8"?>
<!-- Generated by org.testng.reporters.JUnitReportReporter -->
<testsuite skipped="0" hostname="DESKTOP-V7VR2E8" name="by.epam.project.hostel.service.validation.testng.HostelDAOImplTest" tests="2" failures="0" timestamp="24 апр 2018 08:05:13 GMT" time="1.244" errors="0">
  <testcase name="addHostelRU_NotNull" time="0.104" classname="by.epam.project.hostel.service.validation.testng.HostelDAOImplTest"/>
  <testcase name="addHostelRUEN_NotNull" time="1.140" classname="by.epam.project.hostel.service.validation.testng.HostelDAOImplTest"/>
</testsuite> <!-- by.epam.project.hostel.service.validation.testng.HostelDAOImplTest -->
