<?xml version="1.0" encoding="UTF-8"?>
<!-- Generated by org.testng.reporters.JUnitReportReporter -->
<testsuite skipped="0" hostname="DESKTOP-V7VR2E8" name="by.epam.project.hostel.service.validation.testng.NewTest" tests="6" failures="0" timestamp="24 апр 2018 08:01:37 GMT" time="3.121" errors="0">
  <testcase name="getGuestRoomById_GetGuestroomByInvalidLanguageValidRU_Null" time="2.189" classname="by.epam.project.hostel.service.validation.testng.NewTest"/>
  <testcase name="getGuestRoomById_GetGuestroomByIdValidLanguageInvalideBY_Null" time="0.035" classname="by.epam.project.hostel.service.validation.testng.NewTest"/>
  <testcase name="getGuestRoomById_GetGuestroomByInvalidLanguageInvalideBY_Null" time="0.051" classname="by.epam.project.hostel.service.validation.testng.NewTest"/>
  <testcase name="getGuestRoomById_GetGuestroomByIdValidLanguageValidRU_NotNull" time="0.047" classname="by.epam.project.hostel.service.validation.testng.NewTest"/>
  <testcase name="getGuestRoomById_GetGuestroomByInvalidLanguageValidEN_Null" time="0.028" classname="by.epam.project.hostel.service.validation.testng.NewTest"/>
  <testcase name="getGuestRoomById_GetGuestroomByIdIValidLanguageValidEN_NotNull" time="0.771" classname="by.epam.project.hostel.service.validation.testng.NewTest"/>
</testsuite> <!-- by.epam.project.hostel.service.validation.testng.NewTest -->
