<?xml version="1.0" encoding="UTF-8"?>
<!-- Generated by org.testng.reporters.JUnitReportReporter -->
<testsuite skipped="0" hostname="DESKTOP-V7VR2E8" name="by.epam.project.hostel.service.validation.testng.UserValidatorImplTestEmail" tests="3" failures="0" timestamp="24 апр 2018 08:06:54 GMT" time="0.034" errors="0">
  <testcase name="InValidEmailTest" time="0.027" classname="by.epam.project.hostel.service.validation.testng.UserValidatorImplTestEmail"/>
  <testcase name="ValidEmailTest" time="0.005" classname="by.epam.project.hostel.service.validation.testng.UserValidatorImplTestEmail"/>
  <testcase name="validateEmail_NullEmail_FasleReturned" time="0.002" classname="by.epam.project.hostel.service.validation.testng.UserValidatorImplTestEmail"/>
</testsuite> <!-- by.epam.project.hostel.service.validation.testng.UserValidatorImplTestEmail -->
