<?xml version="1.0" encoding="UTF-8"?>
<!-- Generated by org.testng.reporters.JUnitReportReporter -->
<testsuite skipped="0" hostname="DESKTOP-V7VR2E8" name="by.epam.project.hostel.service.validation.testng.UserValidatorImplTestLogin" tests="8" failures="0" timestamp="24 апр 2018 08:08:39 GMT" time="0.037" errors="0">
  <testcase name="validateLogin_LoginLength10_TrueReturned" time="0.003" classname="by.epam.project.hostel.service.validation.testng.UserValidatorImplTestLogin"/>
  <testcase name="validateLogin_LoginLength3_TrueReturned" time="0.003" classname="by.epam.project.hostel.service.validation.testng.UserValidatorImplTestLogin"/>
  <testcase name="validateLogin_LoginRus_FasleReturned" time="0.003" classname="by.epam.project.hostel.service.validation.testng.UserValidatorImplTestLogin"/>
  <testcase name="validateLogin_EmptyLogin_FasleReturned" time="0.010" classname="by.epam.project.hostel.service.validation.testng.UserValidatorImplTestLogin"/>
  <testcase name="validateLogin_LoginSpecialSymb_FasleReturned" time="0.002" classname="by.epam.project.hostel.service.validation.testng.UserValidatorImplTestLogin"/>
  <testcase name="validateLogin_LoginLength11_FasleReturned" time="0.004" classname="by.epam.project.hostel.service.validation.testng.UserValidatorImplTestLogin"/>
  <testcase name="validateLogin_LoginLength2_FasleReturned" time="0.003" classname="by.epam.project.hostel.service.validation.testng.UserValidatorImplTestLogin"/>
  <testcase name="validateLogin_NullLogin_FasleReturned" time="0.009" classname="by.epam.project.hostel.service.validation.testng.UserValidatorImplTestLogin"/>
</testsuite> <!-- by.epam.project.hostel.service.validation.testng.UserValidatorImplTestLogin -->
